TN:
SF:src\caixa-da-lanchonete.js
FN:2,CaixaDaLanchonete
FN:17,calcularValorDaCompra
FNF:2
FNH:2
FNDA:22,CaixaDaLanchonete
FNDA:22,calcularValorDaCompra
DA:1,1
DA:2,1
DA:3,22
DA:4,22
DA:5,22
DA:6,22
DA:7,22
DA:8,22
DA:9,22
DA:10,22
DA:11,22
DA:12,22
DA:13,22
DA:14,22
DA:15,22
DA:16,1
DA:17,1
DA:18,22
DA:19,22
DA:20,22
DA:21,22
DA:22,22
DA:23,22
DA:24,22
DA:25,176
DA:26,0
DA:27,0
DA:28,0
DA:29,0
DA:30,176
DA:31,22
DA:32,22
DA:33,22
DA:34,22
DA:35,22
DA:36,22
DA:37,22
DA:38,22
DA:39,22
DA:40,22
DA:41,0
DA:42,0
DA:43,0
DA:44,0
DA:45,0
DA:46,0
DA:47,0
DA:48,0
DA:49,0
DA:50,0
DA:51,0
DA:52,1
DA:53,1
DA:54,1
DA:55,1
DA:56,1
DA:57,1
DA:58,1
DA:59,1
DA:60,1
DA:61,1
DA:62,1
DA:63,1
LF:63
LH:48
BRDA:2,0,0,22
BRDA:17,1,0,22
BRDA:24,2,0,176
BRDA:25,3,0,0
BRDA:40,4,0,0
BRF:5
BRH:3
end_of_record
